# JRE version: OpenJDK Runtime Environment Temurin-21.0.4+7 (21.0.4+7) (build 21.0.4+7-LTS)
# Java VM: OpenJDK 64-Bit Server VM Temurin-21.0.4+7 (21.0.4+7-LTS, mixed mode, sharing, tiered, compressed oops, compressed class ptrs, parallel gc, windows-amd64)
GC Precious Log:
 CardTable entry size: 512
 CPUs: 8 total, 8 available
 Memory: 16198M
 Large Page Support: Disabled
 NUMA Support: Disabled
 Compressed Oops: Enabled (32-bit)
 Alignments: Space 512K, Generation 512K, Heap 2M
 Heap Min Capacity: 100M
 Heap Initial Capacity: 100M
 Heap Max Capacity: 2G
 Pre-touch: Disabled
 Parallel Workers: 8
Heap:
 PSYoungGen      total 3072K, used 2687K [0x00000000d5580000, 0x00000000d5980000, 0x0000000100000000)
  eden space 2048K, 99% used [0x00000000d5580000,0x00000000d577ffe8,0x00000000d5780000)
  from space 1024K, 62% used [0x00000000d5780000,0x00000000d5820000,0x00000000d5880000)
  to   space 1024K, 0% used [0x00000000d5880000,0x00000000d5880000,0x00000000d5980000)
 ParOldGen       total 418816K, used 418536K [0x0000000080000000, 0x0000000099900000, 0x00000000d5580000)
  object space 418816K, 99% used [0x0000000080000000,0x00000000998ba310,0x0000000099900000)
 Metaspace       used 66222K, committed 67520K, reserved 1114112K
  class space    used 6962K, committed 7488K, reserved 1048576K
GC Heap History (20 events):
Event: 567.649 GC heap before
{Heap before GC invocations=379 (full 3):
 PSYoungGen      total 3584K, used 2517K [0x00000000d5580000, 0x00000000d5b00000, 0x0000000100000000)
  eden space 2048K, 99% used [0x00000000d5580000,0x00000000d577d798,0x00000000d5780000)
  from space 1536K, 31% used [0x00000000d5800000,0x00000000d5878000,0x00000000d5980000)
  to   space 1024K, 0% used [0x00000000d5a00000,0x00000000d5a00000,0x00000000d5b00000)
 ParOldGen       total 414720K, used 414401K [0x0000000080000000, 0x0000000099500000, 0x00000000d5580000)
  object space 414720K, 99% used [0x0000000080000000,0x00000000994b0440,0x0000000099500000)
 Metaspace       used 65307K, committed 66688K, reserved 1114112K
  class space    used 6905K, committed 7488K, reserved 1048576K
}
Event: 567.653 GC heap after
{Heap after GC invocations=379 (full 3):
 PSYoungGen      total 3072K, used 544K [0x00000000d5580000, 0x00000000d5b00000, 0x0000000100000000)
  eden space 2048K, 0% used [0x00000000d5580000,0x00000000d5580000,0x00000000d5780000)
  from space 1024K, 53% used [0x00000000d5a00000,0x00000000d5a88040,0x00000000d5b00000)
  to   space 1024K, 0% used [0x00000000d5900000,0x00000000d5900000,0x00000000d5a00000)
 ParOldGen       total 414720K, used 414649K [0x0000000080000000, 0x0000000099500000, 0x00000000d5580000)
  object space 414720K, 99% used [0x0000000080000000,0x00000000994ee440,0x0000000099500000)
 Metaspace       used 65307K, committed 66688K, reserved 1114112K
  class space    used 6905K, committed 7488K, reserved 1048576K
}
Event: 567.713 GC heap before
{Heap before GC invocations=380 (full 3):
 PSYoungGen      total 3072K, used 2592K [0x00000000d5580000, 0x00000000d5b00000, 0x0000000100000000)
  eden space 2048K, 100% used [0x00000000d5580000,0x00000000d5780000,0x00000000d5780000)
  from space 1024K, 53% used [0x00000000d5a00000,0x00000000d5a88040,0x00000000d5b00000)
  to   space 1024K, 0% used [0x00000000d5900000,0x00000000d5900000,0x00000000d5a00000)
 ParOldGen       total 414720K, used 414649K [0x0000000080000000, 0x0000000099500000, 0x00000000d5580000)
  object space 414720K, 99% used [0x0000000080000000,0x00000000994ee440,0x0000000099500000)
 Metaspace       used 65352K, committed 66752K, reserved 1114112K
  class space    used 6909K, committed 7488K, reserved 1048576K
}
Event: 567.717 GC heap after
{Heap after GC invocations=380 (full 3):
 PSYoungGen      total 3072K, used 451K [0x00000000d5580000, 0x00000000d5a80000, 0x0000000100000000)
  eden space 2048K, 0% used [0x00000000d5580000,0x00000000d5580000,0x00000000d5780000)
  from space 1024K, 44% used [0x00000000d5900000,0x00000000d5970cb0,0x00000000d5a00000)
  to   space 512K, 0% used [0x00000000d5a00000,0x00000000d5a00000,0x00000000d5a80000)
 ParOldGen       total 415232K, used 415070K [0x0000000080000000, 0x0000000099580000, 0x00000000d5580000)
  object space 415232K, 99% used [0x0000000080000000,0x0000000099557910,0x0000000099580000)
 Metaspace       used 65352K, committed 66752K, reserved 1114112K
  class space    used 6909K, committed 7488K, reserved 1048576K
}
Event: 567.759 GC heap before
{Heap before GC invocations=381 (full 3):
 PSYoungGen      total 3072K, used 2499K [0x00000000d5580000, 0x00000000d5a80000, 0x0000000100000000)
  eden space 2048K, 100% used [0x00000000d5580000,0x00000000d5780000,0x00000000d5780000)
  from space 1024K, 44% used [0x00000000d5900000,0x00000000d5970cb0,0x00000000d5a00000)
  to   space 512K, 0% used [0x00000000d5a00000,0x00000000d5a00000,0x00000000d5a80000)
 ParOldGen       total 415232K, used 415070K [0x0000000080000000, 0x0000000099580000, 0x00000000d5580000)
  object space 415232K, 99% used [0x0000000080000000,0x0000000099557910,0x0000000099580000)
 Metaspace       used 65385K, committed 66752K, reserved 1114112K
  class space    used 6910K, committed 7488K, reserved 1048576K
}
Event: 567.765 GC heap after
{Heap after GC invocations=381 (full 3):
 PSYoungGen      total 2560K, used 512K [0x00000000d5580000, 0x00000000d5a80000, 0x0000000100000000)
  eden space 2048K, 0% used [0x00000000d5580000,0x00000000d5580000,0x00000000d5780000)
  from space 512K, 100% used [0x00000000d5a00000,0x00000000d5a80000,0x00000000d5a80000)
  to   space 1024K, 0% used [0x00000000d5880000,0x00000000d5880000,0x00000000d5980000)
 ParOldGen       total 415744K, used 415456K [0x0000000080000000, 0x0000000099600000, 0x00000000d5580000)
  object space 415744K, 99% used [0x0000000080000000,0x00000000995b82b8,0x0000000099600000)
 Metaspace       used 65385K, committed 66752K, reserved 1114112K
  class space    used 6910K, committed 7488K, reserved 1048576K
}
Event: 567.957 GC heap before
{Heap before GC invocations=382 (full 3):
 PSYoungGen      total 2560K, used 2560K [0x00000000d5580000, 0x00000000d5a80000, 0x0000000100000000)
  eden space 2048K, 100% used [0x00000000d5580000,0x00000000d5780000,0x00000000d5780000)
  from space 512K, 100% used [0x00000000d5a00000,0x00000000d5a80000,0x00000000d5a80000)
  to   space 1024K, 0% used [0x00000000d5880000,0x00000000d5880000,0x00000000d5980000)
 ParOldGen       total 415744K, used 415456K [0x0000000080000000, 0x0000000099600000, 0x00000000d5580000)
  object space 415744K, 99% used [0x0000000080000000,0x00000000995b82b8,0x0000000099600000)
 Metaspace       used 65474K, committed 66880K, reserved 1114112K
  class space    used 6914K, committed 7488K, reserved 1048576K
}
Event: 567.962 GC heap after
{Heap after GC invocations=382 (full 3):
 PSYoungGen      total 3072K, used 448K [0x00000000d5580000, 0x00000000d5a80000, 0x0000000100000000)
  eden space 2048K, 0% used [0x00000000d5580000,0x00000000d5580000,0x00000000d5780000)
  from space 1024K, 43% used [0x00000000d5880000,0x00000000d58f0000,0x00000000d5980000)
  to   space 1024K, 0% used [0x00000000d5980000,0x00000000d5980000,0x00000000d5a80000)
 ParOldGen       total 416256K, used 415952K [0x0000000080000000, 0x0000000099680000, 0x00000000d5580000)
  object space 416256K, 99% used [0x0000000080000000,0x0000000099634270,0x0000000099680000)
 Metaspace       used 65474K, committed 66880K, reserved 1114112K
  class space    used 6914K, committed 7488K, reserved 1048576K
}
Event: 568.137 GC heap before
{Heap before GC invocations=383 (full 3):
 PSYoungGen      total 3072K, used 2496K [0x00000000d5580000, 0x00000000d5a80000, 0x0000000100000000)
  eden space 2048K, 100% used [0x00000000d5580000,0x00000000d5780000,0x00000000d5780000)
  from space 1024K, 43% used [0x00000000d5880000,0x00000000d58f0000,0x00000000d5980000)
  to   space 1024K, 0% used [0x00000000d5980000,0x00000000d5980000,0x00000000d5a80000)
 ParOldGen       total 416256K, used 415952K [0x0000000080000000, 0x0000000099680000, 0x00000000d5580000)
  object space 416256K, 99% used [0x0000000080000000,0x0000000099634270,0x0000000099680000)
 Metaspace       used 65530K, committed 66880K, reserved 1114112K
  class space    used 6917K, committed 7488K, reserved 1048576K
}
Event: 568.142 GC heap after
{Heap after GC invocations=383 (full 3):
 PSYoungGen      total 3072K, used 672K [0x00000000d5580000, 0x00000000d5a80000, 0x0000000100000000)
  eden space 2048K, 0% used [0x00000000d5580000,0x00000000d5580000,0x00000000d5780000)
  from space 1024K, 65% used [0x00000000d5980000,0x00000000d5a28000,0x00000000d5a80000)
  to   space 1024K, 0% used [0x00000000d5880000,0x00000000d5880000,0x00000000d5980000)
 ParOldGen       total 416768K, used 416320K [0x0000000080000000, 0x0000000099700000, 0x00000000d5580000)
  object space 416768K, 99% used [0x0000000080000000,0x0000000099690270,0x0000000099700000)
 Metaspace       used 65530K, committed 66880K, reserved 1114112K
  class space    used 6917K, committed 7488K, reserved 1048576K
}
Event: 568.327 GC heap before
{Heap before GC invocations=384 (full 3):
 PSYoungGen      total 3072K, used 2716K [0x00000000d5580000, 0x00000000d5a80000, 0x0000000100000000)
  eden space 2048K, 99% used [0x00000000d5580000,0x00000000d577f100,0x00000000d5780000)
  from space 1024K, 65% used [0x00000000d5980000,0x00000000d5a28000,0x00000000d5a80000)
  to   space 1024K, 0% used [0x00000000d5880000,0x00000000d5880000,0x00000000d5980000)
 ParOldGen       total 416768K, used 416320K [0x0000000080000000, 0x0000000099700000, 0x00000000d5580000)
  object space 416768K, 99% used [0x0000000080000000,0x0000000099690270,0x0000000099700000)
 Metaspace       used 65641K, committed 67008K, reserved 1114112K
  class space    used 6920K, committed 7488K, reserved 1048576K
}
Event: 568.335 GC heap after
{Heap after GC invocations=384 (full 3):
 PSYoungGen      total 2560K, used 498K [0x00000000d5580000, 0x00000000d5a00000, 0x0000000100000000)
  eden space 2048K, 0% used [0x00000000d5580000,0x00000000d5580000,0x00000000d5780000)
  from space 512K, 97% used [0x00000000d5880000,0x00000000d58fc810,0x00000000d5900000)
  to   space 1024K, 0% used [0x00000000d5900000,0x00000000d5900000,0x00000000d5a00000)
 ParOldGen       total 417280K, used 416907K [0x0000000080000000, 0x0000000099780000, 0x00000000d5580000)
  object space 417280K, 99% used [0x0000000080000000,0x0000000099722f40,0x0000000099780000)
 Metaspace       used 65641K, committed 67008K, reserved 1114112K
  class space    used 6920K, committed 7488K, reserved 1048576K
}
Event: 568.425 GC heap before
{Heap before GC invocations=385 (full 3):
 PSYoungGen      total 2560K, used 2546K [0x00000000d5580000, 0x00000000d5a00000, 0x0000000100000000)
  eden space 2048K, 100% used [0x00000000d5580000,0x00000000d5780000,0x00000000d5780000)
  from space 512K, 97% used [0x00000000d5880000,0x00000000d58fc810,0x00000000d5900000)
  to   space 1024K, 0% used [0x00000000d5900000,0x00000000d5900000,0x00000000d5a00000)
 ParOldGen       total 417280K, used 416907K [0x0000000080000000, 0x0000000099780000, 0x00000000d5580000)
  object space 417280K, 99% used [0x0000000080000000,0x0000000099722f40,0x0000000099780000)
 Metaspace       used 65816K, committed 67136K, reserved 1114112K
  class space    used 6939K, committed 7488K, reserved 1048576K
}
Event: 568.431 GC heap after
{Heap after GC invocations=385 (full 3):
 PSYoungGen      total 2560K, used 496K [0x00000000d5580000, 0x00000000d5980000, 0x0000000100000000)
  eden space 2048K, 0% used [0x00000000d5580000,0x00000000d5580000,0x00000000d5780000)
  from space 512K, 96% used [0x00000000d5900000,0x00000000d597c010,0x00000000d5980000)
  to   space 512K, 0% used [0x00000000d5880000,0x00000000d5880000,0x00000000d5900000)
 ParOldGen       total 417280K, used 417248K [0x0000000080000000, 0x0000000099780000, 0x00000000d5580000)
  object space 417280K, 99% used [0x0000000080000000,0x00000000997782e0,0x0000000099780000)
 Metaspace       used 65816K, committed 67136K, reserved 1114112K
  class space    used 6939K, committed 7488K, reserved 1048576K
}
Event: 568.684 GC heap before
{Heap before GC invocations=386 (full 3):
 PSYoungGen      total 2560K, used 2543K [0x00000000d5580000, 0x00000000d5980000, 0x0000000100000000)
  eden space 2048K, 99% used [0x00000000d5580000,0x00000000d577ffe8,0x00000000d5780000)
  from space 512K, 96% used [0x00000000d5900000,0x00000000d597c010,0x00000000d5980000)
  to   space 512K, 0% used [0x00000000d5880000,0x00000000d5880000,0x00000000d5900000)
 ParOldGen       total 417280K, used 417248K [0x0000000080000000, 0x0000000099780000, 0x00000000d5580000)
  object space 417280K, 99% used [0x0000000080000000,0x00000000997782e0,0x0000000099780000)
 Metaspace       used 65950K, committed 67264K, reserved 1114112K
  class space    used 6952K, committed 7488K, reserved 1048576K
}
Event: 568.687 GC heap after
{Heap after GC invocations=386 (full 3):
 PSYoungGen      total 2560K, used 480K [0x00000000d5580000, 0x00000000d5980000, 0x0000000100000000)
  eden space 2048K, 0% used [0x00000000d5580000,0x00000000d5580000,0x00000000d5780000)
  from space 512K, 93% used [0x00000000d5880000,0x00000000d58f8030,0x00000000d5900000)
  to   space 512K, 0% used [0x00000000d5900000,0x00000000d5900000,0x00000000d5980000)
 ParOldGen       total 417792K, used 417552K [0x0000000080000000, 0x0000000099800000, 0x00000000d5580000)
  object space 417792K, 99% used [0x0000000080000000,0x00000000997c42e0,0x0000000099800000)
 Metaspace       used 65950K, committed 67264K, reserved 1114112K
  class space    used 6952K, committed 7488K, reserved 1048576K
}
Event: 568.858 GC heap before
{Heap before GC invocations=387 (full 3):
 PSYoungGen      total 2560K, used 2528K [0x00000000d5580000, 0x00000000d5980000, 0x0000000100000000)
  eden space 2048K, 100% used [0x00000000d5580000,0x00000000d5780000,0x00000000d5780000)
  from space 512K, 93% used [0x00000000d5880000,0x00000000d58f8030,0x00000000d5900000)
  to   space 512K, 0% used [0x00000000d5900000,0x00000000d5900000,0x00000000d5980000)
 ParOldGen       total 417792K, used 417552K [0x0000000080000000, 0x0000000099800000, 0x00000000d5580000)
  object space 417792K, 99% used [0x0000000080000000,0x00000000997c42e0,0x0000000099800000)
 Metaspace       used 65999K, committed 67328K, reserved 1114112K
  class space    used 6953K, committed 7488K, reserved 1048576K
}
Event: 568.868 GC heap after
{Heap after GC invocations=387 (full 3):
 PSYoungGen      total 2560K, used 512K [0x00000000d5580000, 0x00000000d5a80000, 0x0000000100000000)
  eden space 2048K, 0% used [0x00000000d5580000,0x00000000d5580000,0x00000000d5780000)
  from space 512K, 100% used [0x00000000d5900000,0x00000000d5980000,0x00000000d5980000)
  to   space 1536K, 0% used [0x00000000d5780000,0x00000000d5780000,0x00000000d5900000)
 ParOldGen       total 418304K, used 418032K [0x0000000080000000, 0x0000000099880000, 0x00000000d5580000)
  object space 418304K, 99% used [0x0000000080000000,0x000000009983c310,0x0000000099880000)
 Metaspace       used 65999K, committed 67328K, reserved 1114112K
  class space    used 6953K, committed 7488K, reserved 1048576K
}
Event: 569.152 GC heap before
{Heap before GC invocations=388 (full 3):
 PSYoungGen      total 2560K, used 2559K [0x00000000d5580000, 0x00000000d5a80000, 0x0000000100000000)
  eden space 2048K, 99% used [0x00000000d5580000,0x00000000d577fff0,0x00000000d5780000)
  from space 512K, 100% used [0x00000000d5900000,0x00000000d5980000,0x00000000d5980000)
  to   space 1536K, 0% used [0x00000000d5780000,0x00000000d5780000,0x00000000d5900000)
 ParOldGen       total 418304K, used 418032K [0x0000000080000000, 0x0000000099880000, 0x00000000d5580000)
  object space 418304K, 99% used [0x0000000080000000,0x000000009983c310,0x0000000099880000)
 Metaspace       used 66090K, committed 67392K, reserved 1114112K
  class space    used 6957K, committed 7488K, reserved 1048576K
}
Event: 569.156 GC heap after
{Heap after GC invocations=388 (full 3):
 PSYoungGen      total 3072K, used 640K [0x00000000d5580000, 0x00000000d5980000, 0x0000000100000000)
  eden space 2048K, 0% used [0x00000000d5580000,0x00000000d5580000,0x00000000d5780000)
  from space 1024K, 62% used [0x00000000d5780000,0x00000000d5820000,0x00000000d5880000)
  to   space 1024K, 0% used [0x00000000d5880000,0x00000000d5880000,0x00000000d5980000)
 ParOldGen       total 418816K, used 418536K [0x0000000080000000, 0x0000000099900000, 0x00000000d5580000)
  object space 418816K, 99% used [0x0000000080000000,0x00000000998ba310,0x0000000099900000)
 Metaspace       used 66090K, committed 67392K, reserved 1114112K
  class space    used 6957K, committed 7488K, reserved 1048576K
}

